<?xml version="1.0" encoding="UTF-8"?>
<robot generator="Robot 3.1.2 (Python 3.7.3 on win32)" generated="20190715 16:34:34.370" rpa="false">
<suite id="s1" name="Orm Testcase" source="D:\orange_hrm\tests\orm_testcase.robot">
<test id="s1-t1" name="ORANGE HRM TEST CASES">
<kw name="Test Setup" type="setup">
<doc>To launch a browser</doc>
<kw name="Open Browser" library="SeleniumLibrary">
<doc>Opens a new browser instance to the given ``url``.</doc>
<arguments>
<arg>${OP_BR_URL}</arg>
<arg>${BROWSER}</arg>
</arguments>
<msg timestamp="20190715 16:34:34.589" level="INFO">Opening browser 'Chrome' to base url 'https://opensource-demo.orangehrmlive.com/'.</msg>
<status status="PASS" starttime="20190715 16:34:34.589" endtime="20190715 16:34:40.999"></status>
</kw>
<kw name="Maximize Browser Window" library="SeleniumLibrary">
<doc>Maximizes current browser window.</doc>
<status status="PASS" starttime="20190715 16:34:41.000" endtime="20190715 16:34:42.169"></status>
</kw>
<status status="PASS" starttime="20190715 16:34:34.587" endtime="20190715 16:34:42.169"></status>
</kw>
<kw name="Validate login Page Loading">
<kw name="Location Should Contain" library="SeleniumLibrary">
<doc>Verifies that current URL contains ``expected``.</doc>
<arguments>
<arg>orangehrmlive</arg>
</arguments>
<msg timestamp="20190715 16:34:42.184" level="INFO">Current location contains 'orangehrmlive'.</msg>
<status status="PASS" starttime="20190715 16:34:42.169" endtime="20190715 16:34:42.184"></status>
</kw>
<status status="PASS" starttime="20190715 16:34:42.169" endtime="20190715 16:34:42.184"></status>
</kw>
<kw name="Login To Orange Hrm" library="or_hrm_login_page">
<doc>login to orange hrm</doc>
<kw name="Input Text" library="SeleniumLibrary">
<doc>Types the given ``text`` into text field identified by ``locator``.</doc>
<arguments>
<arg>${OHL_LOCATORS.username_locator}</arg>
<arg>${USER_NAME}</arg>
</arguments>
<msg timestamp="20190715 16:34:42.184" level="INFO">Typing text 'Admin' into text field 'css:input#txtUsername'.</msg>
<status status="PASS" starttime="20190715 16:34:42.184" endtime="20190715 16:34:42.307"></status>
</kw>
<kw name="Input Text" library="SeleniumLibrary">
<doc>Types the given ``text`` into text field identified by ``locator``.</doc>
<arguments>
<arg>${OHL_LOCATORS.password_locator}</arg>
<arg>${PASSWORD}</arg>
</arguments>
<msg timestamp="20190715 16:34:42.307" level="INFO">Typing text 'admin123' into text field 'css:input#txtPassword'.</msg>
<status status="PASS" starttime="20190715 16:34:42.307" endtime="20190715 16:34:42.392"></status>
</kw>
<kw name="Click Element" library="SeleniumLibrary">
<doc>Click element identified by ``locator``.</doc>
<arguments>
<arg>${OHL_LOCATORS.login_button_locator}</arg>
</arguments>
<msg timestamp="20190715 16:34:42.392" level="INFO">Clicking element 'css:input#btnLogin'.</msg>
<status status="PASS" starttime="20190715 16:34:42.392" endtime="20190715 16:34:43.924"></status>
</kw>
<status status="PASS" starttime="20190715 16:34:42.184" endtime="20190715 16:34:43.924"></status>
</kw>
<kw name="Validate User Login" library="or_hrm_login_page">
<doc>veify login is succesful or not</doc>
<kw name="Element Text Should Be" library="SeleniumLibrary">
<doc>Verifies that element ``locator`` contains exact text ``expected``.</doc>
<arguments>
<arg>${OHL_LOCATORS.verify_login_locator}</arg>
<arg>Dashboard</arg>
</arguments>
<msg timestamp="20190715 16:34:43.926" level="INFO">Verifying element 'xpath://*[text()='Dashboard']' contains exact text 'Dashboard'.</msg>
<status status="PASS" starttime="20190715 16:34:43.925" endtime="20190715 16:34:43.956"></status>
</kw>
<status status="PASS" starttime="20190715 16:34:43.925" endtime="20190715 16:34:43.957"></status>
</kw>
<kw name="Click On Admin" library="common_actions">
<doc>click on admin tab</doc>
<kw name="Wait Until Element Is Visible" library="SeleniumLibrary">
<doc>Waits until element ``locator`` is visible.</doc>
<arguments>
<arg>${COMMON_ACTION_LOCATORS.admin_element_locator}</arg>
</arguments>
<status status="PASS" starttime="20190715 16:34:43.957" endtime="20190715 16:34:43.989"></status>
</kw>
<kw name="Click Element" library="SeleniumLibrary">
<doc>Click element identified by ``locator``.</doc>
<arguments>
<arg>${COMMON_ACTION_LOCATORS.admin_element_locator}</arg>
</arguments>
<msg timestamp="20190715 16:34:43.990" level="INFO">Clicking element 'css:a#menu_admin_viewAdminModule'.</msg>
<status status="PASS" starttime="20190715 16:34:43.990" endtime="20190715 16:34:46.368"></status>
</kw>
<status status="PASS" starttime="20190715 16:34:43.957" endtime="20190715 16:34:46.369"></status>
</kw>
<kw name="Validate Admin Page" library="or_hrm_admin_page">
<doc>to validate admin page loaded or not</doc>
<kw name="Page Should Contain" library="SeleniumLibrary">
<doc>Verifies that current page contains ``text``.</doc>
<arguments>
<arg>admin</arg>
</arguments>
<msg timestamp="20190715 16:34:46.392" level="INFO">Current page contains text 'admin'.</msg>
<status status="PASS" starttime="20190715 16:34:46.370" endtime="20190715 16:34:46.392"></status>
</kw>
<status status="PASS" starttime="20190715 16:34:46.369" endtime="20190715 16:34:46.392"></status>
</kw>
<kw name="Click On Add User" library="or_hrm_admin_page">
<doc>to add new user</doc>
<kw name="Wait Until Element Is Visible" library="SeleniumLibrary">
<doc>Waits until element ``locator`` is visible.</doc>
<arguments>
<arg>${OR_ADMIN_LOCATORS.add_user_locator}</arg>
</arguments>
<status status="PASS" starttime="20190715 16:34:46.393" endtime="20190715 16:34:46.419"></status>
</kw>
<kw name="Click Element" library="SeleniumLibrary">
<doc>Click element identified by ``locator``.</doc>
<arguments>
<arg>${OR_ADMIN_LOCATORS.add_user_locator}</arg>
</arguments>
<msg timestamp="20190715 16:34:46.419" level="INFO">Clicking element 'css:input#btnAdd'.</msg>
<status status="PASS" starttime="20190715 16:34:46.419" endtime="20190715 16:34:47.151"></status>
</kw>
<status status="PASS" starttime="20190715 16:34:46.393" endtime="20190715 16:34:47.151"></status>
</kw>
<kw name="Fill New User Details" library="or_hrm_admin_page">
<doc>to fill the new user details</doc>
<arguments>
<arg>${EMPLOYEE_NAME}</arg>
<arg>${NEW_USER}</arg>
<arg>${USER_PASSWORD}</arg>
<arg>${CONFIRM_PASSWORD}</arg>
</arguments>
<kw name="Input Text" library="SeleniumLibrary">
<doc>Types the given ``text`` into text field identified by ``locator``.</doc>
<arguments>
<arg>${OR_ADMIN_LOCATORS.employee_name_locator}</arg>
<arg>${EMPLOYEE_NAME}</arg>
</arguments>
<msg timestamp="20190715 16:34:47.153" level="INFO">Typing text 'Linda Anderson' into text field 'css:input#systemUser_employeeName_empName'.</msg>
<status status="PASS" starttime="20190715 16:34:47.153" endtime="20190715 16:34:47.325"></status>
</kw>
<kw name="Input Text" library="SeleniumLibrary">
<doc>Types the given ``text`` into text field identified by ``locator``.</doc>
<arguments>
<arg>${OR_ADMIN_LOCATORS.new_user_name_locator}</arg>
<arg>${NEW_USER}</arg>
</arguments>
<msg timestamp="20190715 16:34:47.326" level="INFO">Typing text 'raveendra' into text field 'css:input#systemUser_userName'.</msg>
<status status="PASS" starttime="20190715 16:34:47.326" endtime="20190715 16:34:47.435"></status>
</kw>
<kw name="Input Text" library="SeleniumLibrary">
<doc>Types the given ``text`` into text field identified by ``locator``.</doc>
<arguments>
<arg>${OR_ADMIN_LOCATORS.create_password_locator}</arg>
<arg>${PASSWORD}</arg>
</arguments>
<msg timestamp="20190715 16:34:47.435" level="INFO">Typing text 'virat@123' into text field 'css:input#systemUser_password'.</msg>
<status status="PASS" starttime="20190715 16:34:47.435" endtime="20190715 16:34:47.557"></status>
</kw>
<kw name="Input Text" library="SeleniumLibrary">
<doc>Types the given ``text`` into text field identified by ``locator``.</doc>
<arguments>
<arg>${OR_ADMIN_LOCATORS.confirm_password_locator}</arg>
<arg>${CONFIRM_PASSWORD}</arg>
</arguments>
<msg timestamp="20190715 16:34:47.558" level="INFO">Typing text 'virat@123' into text field 'css:input#systemUser_confirmPassword'.</msg>
<status status="PASS" starttime="20190715 16:34:47.557" endtime="20190715 16:34:47.651"></status>
</kw>
<status status="PASS" starttime="20190715 16:34:47.152" endtime="20190715 16:34:47.651"></status>
</kw>
<kw name="Click Save Button" library="or_hrm_admin_page">
<doc>click on save button</doc>
<kw name="Wait Until Element Is Visible" library="SeleniumLibrary">
<doc>Waits until element ``locator`` is visible.</doc>
<arguments>
<arg>${OR_ADMIN_LOCATORS.save_button_locator}</arg>
</arguments>
<status status="PASS" starttime="20190715 16:34:47.652" endtime="20190715 16:34:47.679"></status>
</kw>
<kw name="Click Element" library="SeleniumLibrary">
<doc>Click element identified by ``locator``.</doc>
<arguments>
<arg>${OR_ADMIN_LOCATORS.save_button_locator}</arg>
</arguments>
<msg timestamp="20190715 16:34:47.680" level="INFO">Clicking element '//input[@id='btnSave']'.</msg>
<status status="PASS" starttime="20190715 16:34:47.679" endtime="20190715 16:34:47.744"></status>
</kw>
<status status="PASS" starttime="20190715 16:34:47.652" endtime="20190715 16:34:47.744"></status>
</kw>
<kw name="Search for Added User" library="or_hrm_admin_page">
<doc>search for added user</doc>
<arguments>
<arg>${NEW_USER}</arg>
<arg>${EMPLOYEE_NAME}</arg>
</arguments>
<kw name="Wait Until Element Is Visible" library="SeleniumLibrary">
<doc>Waits until element ``locator`` is visible.</doc>
<arguments>
<arg>${OR_ADMIN_LOCATORS.search_added_user_locator}</arg>
</arguments>
<status status="PASS" starttime="20190715 16:34:47.746" endtime="20190715 16:34:50.149"></status>
</kw>
<kw name="Click Element" library="SeleniumLibrary">
<doc>Click element identified by ``locator``.</doc>
<arguments>
<arg>${OR_ADMIN_LOCATORS.search_added_user_locator}</arg>
</arguments>
<msg timestamp="20190715 16:34:50.150" level="INFO">Clicking element 'css:input#searchSystemUser_userName'.</msg>
<status status="PASS" starttime="20190715 16:34:50.149" endtime="20190715 16:34:50.206"></status>
</kw>
<kw name="Input Text" library="SeleniumLibrary">
<doc>Types the given ``text`` into text field identified by ``locator``.</doc>
<arguments>
<arg>${OR_ADMIN_LOCATORS.search_added_user_locator}</arg>
<arg>${NEW_USER}</arg>
</arguments>
<msg timestamp="20190715 16:34:50.207" level="INFO">Typing text 'raveendra' into text field 'css:input#searchSystemUser_userName'.</msg>
<status status="PASS" starttime="20190715 16:34:50.206" endtime="20190715 16:34:50.291"></status>
</kw>
<kw name="Input Text" library="SeleniumLibrary">
<doc>Types the given ``text`` into text field identified by ``locator``.</doc>
<arguments>
<arg>${OR_ADMIN_LOCATORS.search_employee_locator}</arg>
<arg>${EMPLOYEE_NAME}</arg>
</arguments>
<msg timestamp="20190715 16:34:50.292" level="INFO">Typing text 'Linda Anderson' into text field 'css:input#searchSystemUser_employeeName_empName'.</msg>
<status status="PASS" starttime="20190715 16:34:50.291" endtime="20190715 16:34:50.417"></status>
</kw>
<status status="PASS" starttime="20190715 16:34:47.746" endtime="20190715 16:34:50.417"></status>
</kw>
<kw name="Click Search Button" library="or_hrm_admin_page">
<doc>click on search button</doc>
<kw name="Wait Until Element Is Visible" library="SeleniumLibrary">
<doc>Waits until element ``locator`` is visible.</doc>
<arguments>
<arg>${OR_ADMIN_LOCATORS.search_button_locator}</arg>
</arguments>
<status status="PASS" starttime="20190715 16:34:50.418" endtime="20190715 16:34:50.448"></status>
</kw>
<kw name="Click Element" library="SeleniumLibrary">
<doc>Click element identified by ``locator``.</doc>
<arguments>
<arg>${OR_ADMIN_LOCATORS.search_button_locator}</arg>
</arguments>
<msg timestamp="20190715 16:34:50.449" level="INFO">Clicking element '//input[@id='searchBtn']'.</msg>
<status status="PASS" starttime="20190715 16:34:50.448" endtime="20190715 16:34:50.958"></status>
</kw>
<status status="PASS" starttime="20190715 16:34:50.418" endtime="20190715 16:34:50.958"></status>
</kw>
<kw name="Validate Added User" library="or_hrm_admin_page">
<doc>validate the added user</doc>
<kw name="Element Text Should Be" library="SeleniumLibrary">
<doc>Verifies that element ``locator`` contains exact text ``expected``.</doc>
<arguments>
<arg>${OR_ADMIN_LOCATORS.validate_added_uesr_locator}</arg>
<arg>Enabled</arg>
</arguments>
<msg timestamp="20190715 16:34:50.960" level="INFO">Verifying element 'xpath://td[contains(@class, 'left') and text() = 'Enabled']' contains exact text 'Enabled'.</msg>
<status status="PASS" starttime="20190715 16:34:50.959" endtime="20190715 16:34:50.990"></status>
</kw>
<status status="PASS" starttime="20190715 16:34:50.959" endtime="20190715 16:34:50.990"></status>
</kw>
<kw name="Delete Added User" library="or_hrm_admin_page">
<doc>to delete the added user</doc>
<kw name="Select Checkbox" library="SeleniumLibrary">
<doc>Selects checkbox identified by ``locator``.</doc>
<arguments>
<arg>${OR_ADMIN_LOCATORS.delete_user_locator}</arg>
</arguments>
<msg timestamp="20190715 16:34:50.991" level="INFO">Selecting checkbox 'xpath://td[.//a[text()='raveendra']]//preceding-sibling::td//input'.</msg>
<status status="PASS" starttime="20190715 16:34:50.991" endtime="20190715 16:34:51.062"></status>
</kw>
<kw name="Click Element" library="SeleniumLibrary">
<doc>Click element identified by ``locator``.</doc>
<arguments>
<arg>${OR_ADMIN_LOCATORS.click_delete_user_locator}</arg>
</arguments>
<msg timestamp="20190715 16:34:51.063" level="INFO">Clicking element 'css:input#btnDelete'.</msg>
<status status="PASS" starttime="20190715 16:34:51.063" endtime="20190715 16:34:51.112"></status>
</kw>
<kw name="Click Element" library="SeleniumLibrary">
<doc>Click element identified by ``locator``.</doc>
<arguments>
<arg>${OR_ADMIN_LOCATORS.accept_delete_user}</arg>
</arguments>
<msg timestamp="20190715 16:34:51.113" level="INFO">Clicking element 'css:input#dialogDeleteBtn'.</msg>
<status status="PASS" starttime="20190715 16:34:51.112" endtime="20190715 16:34:51.987"></status>
</kw>
<status status="PASS" starttime="20190715 16:34:50.990" endtime="20190715 16:34:51.987"></status>
</kw>
<doc>all test cases of orange hrm</doc>
<status status="PASS" starttime="20190715 16:34:34.587" endtime="20190715 16:34:51.989" critical="yes"></status>
</test>
<doc>all test cases of orange hrm</doc>
<status status="PASS" starttime="20190715 16:34:34.370" endtime="20190715 16:34:51.992"></status>
</suite>
<statistics>
<total>
<stat pass="1" fail="0">Critical Tests</stat>
<stat pass="1" fail="0">All Tests</stat>
</total>
<tag>
</tag>
<suite>
<stat pass="1" fail="0" id="s1" name="Orm Testcase">Orm Testcase</stat>
</suite>
</statistics>
<errors>
</errors>
</robot>
