<?xml version="1.0" encoding="UTF-8"?>
<robot generator="Robot 3.1.2 (Python 3.7.3 on win32)" generated="20190715 10:16:34.977" rpa="false">
<suite id="s1" name="Orm Testcase" source="D:\orange_hrm\tests\orm_testcase.robot">
<test id="s1-t1" name="ORANGE HRM TEST CASES">
<kw name="Test Setup" type="setup">
<doc>To launch a browser</doc>
<kw name="Open Browser" library="SeleniumLibrary">
<doc>Opens a new browser instance to the given ``url``.</doc>
<arguments>
<arg>${OP_BR_URL}</arg>
<arg>${BROWSER}</arg>
</arguments>
<msg timestamp="20190715 10:16:35.193" level="FAIL">Variable '${OP_BR_URL}' not found.</msg>
<status status="FAIL" starttime="20190715 10:16:35.193" endtime="20190715 10:16:35.193"></status>
</kw>
<status status="FAIL" starttime="20190715 10:16:35.193" endtime="20190715 10:16:35.193"></status>
</kw>
<kw name="Test Teardown" type="teardown">
<doc>To close the current browser</doc>
<kw name="Close Browser" library="SeleniumLibrary">
<doc>Closes the current browser.</doc>
<status status="PASS" starttime="20190715 10:16:35.193" endtime="20190715 10:16:35.193"></status>
</kw>
<status status="PASS" starttime="20190715 10:16:35.193" endtime="20190715 10:16:35.193"></status>
</kw>
<doc>all test cases of orange hrm</doc>
<status status="FAIL" starttime="20190715 10:16:35.193" endtime="20190715 10:16:35.193" critical="yes">Setup failed:
Variable '${OP_BR_URL}' not found.</status>
</test>
<doc>all test cases of orange hrm</doc>
<status status="FAIL" starttime="20190715 10:16:34.977" endtime="20190715 10:16:35.193"></status>
</suite>
<statistics>
<total>
<stat pass="0" fail="1">Critical Tests</stat>
<stat pass="0" fail="1">All Tests</stat>
</total>
<tag>
</tag>
<suite>
<stat pass="0" fail="1" id="s1" name="Orm Testcase">Orm Testcase</stat>
</suite>
</statistics>
<errors>
<msg timestamp="20190715 10:16:35.010" level="ERROR">Error in file 'D:\orange_hrm\tests\orm_testcase.robot': Resource file 'D:\orange_hrm\tests\pages\or_hrm_login_page.robot' does not exist.</msg>
<msg timestamp="20190715 10:16:35.011" level="ERROR">Error in file 'D:\orange_hrm\tests\orm_testcase.robot': Resource file 'D:\orange_hrm\tests\pages\or_hrm_admin_page.robot' does not exist.</msg>
<msg timestamp="20190715 10:16:35.011" level="ERROR">Error in file 'D:\orange_hrm\tests\orm_testcase.robot': Resource file 'D:\orange_hrm\tests\commom_actions\common_actions.robot' does not exist.</msg>
<msg timestamp="20190715 10:16:35.012" level="ERROR">Error in file 'D:\orange_hrm\tests\orm_testcase.robot': Resource file 'data_files\variables_inputs_orange_hrm.robot' does not exist.</msg>
</errors>
</robot>
